<?xml version="1.0" encoding="UTF-8"?>
<testng-results skipped="0" failed="0" ignored="0" total="1" passed="1">
  <reporter-output>
  </reporter-output>
  <suite name="Default suite" duration-ms="41622" started-at="2019-09-26T11:27:06Z" finished-at="2019-09-26T11:27:48Z">
    <groups>
    </groups>
    <test name="Default test" duration-ms="41622" started-at="2019-09-26T11:27:06Z" finished-at="2019-09-26T11:27:48Z">
      <class name="Seleniumprojec.Testcases">
        <test-method status="PASS" signature="verifyValidLogin()[pri:0, instance:Seleniumprojec.Testcases@6767c1fc]" name="verifyValidLogin" duration-ms="41593" started-at="2019-09-26T11:27:06Z" finished-at="2019-09-26T11:27:48Z">
          <reporter-output>
          </reporter-output>
        </test-method> <!-- verifyValidLogin -->
      </class> <!-- Seleniumprojec.Testcases -->
    </test> <!-- Default test -->
  </suite> <!-- Default suite -->
</testng-results>
